<?xml version="1.0" encoding="UTF-8"?>
<testng-results skipped="0" failed="0" ignored="0" total="1" passed="1">
  <reporter-output>
  </reporter-output>
  <suite name="regression" duration-ms="30921" started-at="2020-08-25T04:53:14Z" finished-at="2020-08-25T04:53:45Z">
    <groups>
    </groups>
    <test name="AddNewAccount" duration-ms="30921" started-at="2020-08-25T04:53:14Z" finished-at="2020-08-25T04:53:45Z">
      <class name="test.NewSalesInvoiceTest">
        <test-method status="PASS" signature="OpenANewAccount(java.lang.String, java.lang.String, java.lang.String, java.lang.String, java.lang.String, java.lang.String)[pri:0, instance:test.NewSalesInvoiceTest@78047b92]" name="OpenANewAccount" duration-ms="30886" started-at="2020-08-24T23:53:14Z" finished-at="2020-08-24T23:53:45Z">
          <params>
            <param index="0">
              <value>
                <![CDATA[techfiosdemo@gmail.com]]>
              </value>
            </param>
            <param index="1">
              <value>
                <![CDATA[abc123]]>
              </value>
            </param>
            <param index="2">
              <value>
                <![CDATA[10]]>
              </value>
            </param>
            <param index="3">
              <value>
                <![CDATA[docker]]>
              </value>
            </param>
            <param index="4">
              <value>
                <![CDATA[5]]>
              </value>
            </param>
            <param index="5">
              <value>
                <![CDATA[29.99]]>
              </value>
            </param>
          </params>
          <reporter-output>
          </reporter-output>
        </test-method> <!-- OpenANewAccount -->
      </class> <!-- test.NewSalesInvoiceTest -->
    </test> <!-- AddNewAccount -->
  </suite> <!-- regression -->
</testng-results>
